{
  "RSpec": {
    "coverage": {
      "/Users/charles/projects/cupbrd/config/environment.rb": [
        null,
        null,
        1,
        null,
        null,
        1
      ],
      "/Users/charles/projects/cupbrd/config/application.rb": [
        null,
        1,
        null,
        1,
        null,
        1,
        1,
        1,
        1,
        1,
        1,
        1,
        null,
        null,
        null,
        null,
        null,
        1,
        null,
        1,
        1,
        null,
        null,
        null,
        null,
        null,
        null,
        null,
        1,
        1,
        null,
        null
      ],
      "/Users/charles/projects/cupbrd/config/boot.rb": [
        null,
        1,
        null,
        1
      ],
      "/Users/charles/projects/cupbrd/config/environments/test.rb": [
        null,
        1,
        null,
        null,
        null,
        null,
        null,
        null,
        1,
        null,
        null,
        null,
        null,
        1,
        null,
        null,
        1,
        1,
        null,
        null,
        null,
        null,
        1,
        1,
        null,
        null,
        1,
        null,
        null,
        1,
        1,
        null,
        null,
        null,
        null,
        1,
        null,
        null,
        1,
        null,
        null,
        null,
        null
      ],
      "/Users/charles/projects/cupbrd/config/initializers/application_controller_renderer.rb": [
        null,
        null,
        null,
        null,
        null,
        null,
        null
      ],
      "/Users/charles/projects/cupbrd/config/initializers/backtrace_silencers.rb": [
        null,
        null,
        null,
        null,
        null,
        null,
        null,
        null
      ],
      "/Users/charles/projects/cupbrd/config/initializers/cors.rb": [
        null,
        null,
        null,
        null,
        null,
        null,
        null,
        null,
        1,
        1,
        1,
        null,
        1,
        null,
        null,
        null,
        null
      ],
      "/Users/charles/projects/cupbrd/config/initializers/filter_parameter_logging.rb": [
        null,
        null,
        null,
        null,
        1
      ],
      "/Users/charles/projects/cupbrd/config/initializers/inflections.rb": [
        null,
        null,
        null,
        null,
        null,
        null,
        null,
        null,
        null,
        null,
        null,
        null,
        null,
        null,
        null,
        null,
        null
      ],
      "/Users/charles/projects/cupbrd/config/initializers/mime_types.rb": [
        null,
        null,
        null,
        null,
        null
      ],
      "/Users/charles/projects/cupbrd/config/initializers/new_framework_defaults.rb": [
        null,
        null,
        null,
        null,
        null,
        null,
        null,
        null,
        null,
        1,
        null,
        null,
        1,
        null,
        null,
        1,
        null,
        null,
        1
      ],
      "/Users/charles/projects/cupbrd/config/initializers/rack_attack.rb": [
        null,
        1,
        null,
        null,
        1,
        null,
        null,
        1,
        2,
        null,
        null,
        null,
        1,
        null,
        null,
        1,
        0,
        null,
        0,
        null,
        null,
        null,
        null,
        null
      ],
      "/Users/charles/projects/cupbrd/config/initializers/wrap_parameters.rb": [
        null,
        null,
        null,
        null,
        null,
        null,
        null,
        1,
        2,
        null,
        null,
        null,
        null,
        null,
        null
      ],
      "/Users/charles/projects/cupbrd/spec/factories/foods.rb": [
        1,
        1,
        1,
        null,
        null
      ],
      "/Users/charles/projects/cupbrd/spec/factories/items.rb": [
        1,
        1,
        1,
        1,
        1,
        1,
        null,
        null
      ],
      "/Users/charles/projects/cupbrd/spec/factories/users.rb": [
        null,
        1,
        null,
        1,
        1,
        23,
        22,
        null,
        null
      ],
      "/Users/charles/projects/cupbrd/config/routes.rb": [
        null,
        1,
        1,
        1,
        1,
        null,
        null,
        null,
        null
      ],
      "/Users/charles/projects/cupbrd/app/controllers/api/v1/users_controller.rb": [
        null,
        1,
        1,
        1,
        null,
        null,
        1,
        2,
        null,
        2,
        null,
        null,
        null,
        1,
        1,
        null,
        null,
        null,
        1,
        5,
        null,
        5,
        3,
        null,
        2,
        null,
        null,
        null,
        null,
        1,
        5,
        3,
        null,
        2,
        null,
        null,
        null,
        null,
        1,
        2,
        null,
        null,
        1,
        null,
        null,
        1,
        8,
        null,
        null,
        null,
        1,
        10,
        null,
        null,
        null
      ],
      "/Users/charles/projects/cupbrd/app/controllers/api/v1/api_controller.rb": [
        null,
        1,
        1,
        null,
        null,
        null
      ],
      "/Users/charles/projects/cupbrd/app/controllers/application_controller.rb": [
        null,
        1,
        1,
        null,
        null,
        null,
        null,
        1,
        null,
        1,
        null,
        null,
        1,
        16,
        null,
        null,
        1,
        16,
        15,
        null,
        null,
        null,
        1,
        1,
        1,
        null,
        null
      ],
      "/Users/charles/projects/cupbrd/spec/models/food_spec.rb": [
        1,
        null,
        1,
        1,
        null
      ],
      "/Users/charles/projects/cupbrd/app/models/food.rb": [
        1,
        null
      ],
      "/Users/charles/projects/cupbrd/app/models/application_record.rb": [
        null,
        1,
        1,
        null
      ],
      "/Users/charles/projects/cupbrd/spec/models/item_spec.rb": [
        1,
        null,
        1,
        1,
        null
      ],
      "/Users/charles/projects/cupbrd/app/models/item.rb": [
        1,
        null
      ],
      "/Users/charles/projects/cupbrd/spec/models/user_spec.rb": [
        null,
        1,
        null,
        1,
        1,
        1,
        null,
        1,
        1,
        null,
        1,
        1,
        null,
        1,
        1,
        null,
        1,
        1,
        1,
        null,
        null
      ],
      "/Users/charles/projects/cupbrd/app/models/user.rb": [
        null,
        1,
        1,
        1,
        null,
        null,
        1,
        30,
        null,
        null,
        null,
        1,
        30,
        30,
        30,
        null,
        null,
        null
      ],
      "/Users/charles/projects/cupbrd/spec/requests/users_spec.rb": [
        null,
        1,
        null,
        1,
        1,
        1,
        1,
        1,
        null,
        null,
        1,
        1,
        null,
        1,
        null,
        null,
        null,
        null,
        1,
        1,
        null,
        null,
        null
      ],
      "/Users/charles/projects/cupbrd/spec/routing/users_routing_spec.rb": [
        null,
        1,
        null,
        1,
        1,
        1,
        1,
        null,
        null,
        1,
        1,
        null,
        null,
        1,
        1,
        null,
        null,
        1,
        1,
        null,
        null,
        1,
        1,
        null,
        null,
        1,
        1,
        null,
        null,
        null
      ],
      "/Users/charles/projects/cupbrd/app/serializers/user_serializer.rb": [
        null,
        1,
        1,
        null
      ]
    },
    "timestamp": 1485915201
  }
}
